Array
(
    [params] => Array
        (
            [p] => 1
        )

    [CronID] => ec08783c6a80e2bc41ab891defc06d30
    [InstID] => 1001
    [PidFile] => D:\xampp\htdocs\phpclasses\crontabs\ExampleCronJob4\tmp\example-cron-job4_1001_19760.pid
    [Pid] => 19760
    [Name] => example-cron-job3
    [LogFile] => D:\xampp\htdocs\phpclasses\crontabs\ExampleCronJob4\tmp\example-cron-job4_1001.log
    [OutputFile] => D:\xampp\htdocs\phpclasses\crontabs\ExampleCronJob4\tmp\example-cron-job4_1001.out
    [StatusFile] => D:\xampp\htdocs\phpclasses\crontabs\ExampleCronJob4\tmp\example-cron-job4_1001.status
    [StopFile] => D:\xampp\htdocs\phpclasses\crontabs\ExampleCronJob4\tmp\example-cron-job4_1001.stop
)
Array
(
    [params] => Array
        (
            [p] => 1
        )

    [CronID] => 917ebafdffd12a939659986281f043c4
    [InstID] => 1001
    [PidFile] => D:\xampp\htdocs\phpclasses\crontabs\ExampleCronJob4\tmp\example-cron-job4_1001_20804.pid
    [Pid] => 20804
    [Name] => example-cron-job3
    [LogFile] => D:\xampp\htdocs\phpclasses\crontabs\ExampleCronJob4\tmp\example-cron-job4_1001.log
    [OutputFile] => D:\xampp\htdocs\phpclasses\crontabs\ExampleCronJob4\tmp\example-cron-job4_1001.out
    [StatusFile] => D:\xampp\htdocs\phpclasses\crontabs\ExampleCronJob4\tmp\example-cron-job4_1001.status
    [StopFile] => D:\xampp\htdocs\phpclasses\crontabs\ExampleCronJob4\tmp\example-cron-job4_1001.stop
)
Array
(
    [params] => Array
        (
            [p] => 1
        )

    [CronID] => ef8fcbb9c710a4dac3f87ff89e1b1805
    [InstID] => 1001
    [PidFile] => D:\xampp\htdocs\phpclasses\crontabs\ExampleCronJob4\tmp\example-cron-job4_1001_19956.pid
    [Pid] => 19956
    [Name] => example-cron-job3
    [LogFile] => D:\xampp\htdocs\phpclasses\crontabs\ExampleCronJob4\tmp\example-cron-job4_1001.log
    [OutputFile] => D:\xampp\htdocs\phpclasses\crontabs\ExampleCronJob4\tmp\example-cron-job4_1001.out
    [StatusFile] => D:\xampp\htdocs\phpclasses\crontabs\ExampleCronJob4\tmp\example-cron-job4_1001.status
    [StopFile] => D:\xampp\htdocs\phpclasses\crontabs\ExampleCronJob4\tmp\example-cron-job4_1001.stop
)
Array
(
    [params] => Array
        (
            [p] => 1
        )

    [CronID] => 986e8756db28ebbc1aa1b1d11c3da4ee
    [InstID] => 1001
    [PidFile] => D:\xampp\htdocs\phpclasses\crontabs\ExampleCronJob4\tmp\example-cron-job4_1001_21448.pid
    [Pid] => 21448
    [Name] => example-cron-job3
    [LogFile] => D:\xampp\htdocs\phpclasses\crontabs\ExampleCronJob4\tmp\example-cron-job4_1001.log
    [OutputFile] => D:\xampp\htdocs\phpclasses\crontabs\ExampleCronJob4\tmp\example-cron-job4_1001.out
    [StatusFile] => D:\xampp\htdocs\phpclasses\crontabs\ExampleCronJob4\tmp\example-cron-job4_1001.status
    [StopFile] => D:\xampp\htdocs\phpclasses\crontabs\ExampleCronJob4\tmp\example-cron-job4_1001.stop
)
Array
(
    [params] => Array
        (
            [p] => 1
        )

    [CronID] => 985111beeb94aff3f75e0dde51ee6e83
    [InstID] => 1001
    [PidFile] => D:\xampp\htdocs\phpclasses\crontabs\ExampleCronJob4\tmp\example-cron-job4_1001_21708.pid
    [Pid] => 21708
    [Name] => example-cron-job3
    [LogFile] => D:\xampp\htdocs\phpclasses\crontabs\ExampleCronJob4\tmp\example-cron-job4_1001.log
    [OutputFile] => D:\xampp\htdocs\phpclasses\crontabs\ExampleCronJob4\tmp\example-cron-job4_1001.out
    [StatusFile] => D:\xampp\htdocs\phpclasses\crontabs\ExampleCronJob4\tmp\example-cron-job4_1001.status
    [StopFile] => D:\xampp\htdocs\phpclasses\crontabs\ExampleCronJob4\tmp\example-cron-job4_1001.stop
)
Array
(
    [params] => Array
        (
            [p] => 1
        )

    [CronID] => 222867cc05be584ec6d0928c40341ba8
    [InstID] => 1001
    [PidFile] => D:\xampp\htdocs\phpclasses\crontabs\ExampleCronJob4\tmp\example-cron-job4_1001_22672.pid
    [Pid] => 22672
    [Name] => example-cron-job3
    [LogFile] => D:\xampp\htdocs\phpclasses\crontabs\ExampleCronJob4\tmp\example-cron-job4_1001.log
    [OutputFile] => D:\xampp\htdocs\phpclasses\crontabs\ExampleCronJob4\tmp\example-cron-job4_1001.out
    [StatusFile] => D:\xampp\htdocs\phpclasses\crontabs\ExampleCronJob4\tmp\example-cron-job4_1001.status
    [StopFile] => D:\xampp\htdocs\phpclasses\crontabs\ExampleCronJob4\tmp\example-cron-job4_1001.stop
)
Array
(
    [params] => Array
        (
            [p] => 1
        )

    [CronID] => 9d238362bf07e6da4a11299cc381f5ec
    [InstID] => 1001
    [PidFile] => D:\xampp\htdocs\phpclasses\crontabs\ExampleCronJob4\tmp\example-cron-job4_1001_23104.pid
    [Pid] => 23104
    [Name] => example-cron-job3
    [LogFile] => D:\xampp\htdocs\phpclasses\crontabs\ExampleCronJob4\tmp\example-cron-job4_1001.log
    [OutputFile] => D:\xampp\htdocs\phpclasses\crontabs\ExampleCronJob4\tmp\example-cron-job4_1001.out
    [StatusFile] => D:\xampp\htdocs\phpclasses\crontabs\ExampleCronJob4\tmp\example-cron-job4_1001.status
    [StopFile] => D:\xampp\htdocs\phpclasses\crontabs\ExampleCronJob4\tmp\example-cron-job4_1001.stop
)
Array
(
    [params] => Array
        (
            [p] => 1
        )

    [CronID] => ebbe5404b841b5161db00aef0ae173c3
    [InstID] => 1001
    [PidFile] => D:\xampp\htdocs\phpclasses\crontabs\ExampleCronJob4\tmp\example-cron-job4_1001_24820.pid
    [Pid] => 24820
    [Name] => example-cron-job3
    [LogFile] => D:\xampp\htdocs\phpclasses\crontabs\ExampleCronJob4\tmp\example-cron-job4_1001.log
    [OutputFile] => D:\xampp\htdocs\phpclasses\crontabs\ExampleCronJob4\tmp\example-cron-job4_1001.out
    [StatusFile] => D:\xampp\htdocs\phpclasses\crontabs\ExampleCronJob4\tmp\example-cron-job4_1001.status
    [StopFile] => D:\xampp\htdocs\phpclasses\crontabs\ExampleCronJob4\tmp\example-cron-job4_1001.stop
)
Array
(
    [params] => Array
        (
            [p] => 1
        )

    [CronID] => 9e0413d07c2be99173d92a9f1d376bcc
    [InstID] => 1001
    [PidFile] => D:\xampp\htdocs\phpclasses\crontabs\ExampleCronJob4\tmp\example-cron-job4_1001_20808.pid
    [Pid] => 20808
    [Name] => example-cron-job3
    [LogFile] => D:\xampp\htdocs\phpclasses\crontabs\ExampleCronJob4\tmp\example-cron-job4_1001.log
    [OutputFile] => D:\xampp\htdocs\phpclasses\crontabs\ExampleCronJob4\tmp\example-cron-job4_1001.out
    [StatusFile] => D:\xampp\htdocs\phpclasses\crontabs\ExampleCronJob4\tmp\example-cron-job4_1001.status
    [StopFile] => D:\xampp\htdocs\phpclasses\crontabs\ExampleCronJob4\tmp\example-cron-job4_1001.stop
)
